

Version:	3.50
CmdLine:	D:\Media\Documents\Library Manegment System Server-client\out\artifacts\book_manegment_system_jar\LS.exe --l4j-debug
JNI:		No
WOW64:		Yes
Working dir:	D:\Media\Documents\Library Manegment System Server-client\out\artifacts\book_manegment_system_jar\.
Requires JDK:	No
Requires 64-Bit: No
Java min ver:	
Java max ver:	
Substitute:	JAVA_HOME = 
Substitute:	PATH = C:\Program Files\Common Files\Oracle\Java\javapath;C:\WINDOWS\system32;C:\WINDOWS;C:\WINDOWS\System32\Wbem;C:\WINDOWS\System32\WindowsPowerShell\v1.0\;C:\WINDOWS\System32\OpenSSH\;C:\Program Files\nodejs\;C:\Program Files\Java\jdk-17.0.1\bin;C:\Program Files\Git\cmd;C:\Users\belal\AppData\Local\Microsoft\WindowsApps;C:\Users\belal\AppData\Local\GitHubDesktop\bin;C:\Users\belal\AppData\Roaming\npm;C:\Users\belal\AppData\Local\Programs\Microsoft VS Code\bin;C:\Program Files\Java\jdk-17.0.1\bin
JRE paths:	;C:\Program Files\Common Files\Oracle\Java\javapath;C:\WINDOWS\system32;C:\WINDOWS;C:\WINDOWS\System32\Wbem;C:\WINDOWS\System32\WindowsPowerShell\v1.0\;C:\WINDOWS\System32\OpenSSH\;C:\Program Files\nodejs\;C:\Program Files\Java\jdk-17.0.1\bin;C:\Program Files\Git\cmd;C:\Users\belal\AppData\Local\Microsoft\WindowsApps;C:\Users\belal\AppData\Local\GitHubDesktop\bin;C:\Users\belal\AppData\Roaming\npm;C:\Users\belal\AppData\Local\Programs\Microsoft VS Code\bin;C:\Program Files\Java\jdk-17.0.1\bin
Check launcher:	C:\Program Files\Common Files\Oracle\Java\javapath\bin\javaw.exe (not found)
Check launcher:	C:\WINDOWS\system32\bin\javaw.exe (not found)
Check launcher:	C:\WINDOWS\bin\javaw.exe (not found)
Check launcher:	C:\WINDOWS\System32\Wbem\bin\javaw.exe (not found)
Check launcher:	C:\WINDOWS\System32\WindowsPowerShell\v1.0\bin\javaw.exe (not found)
Check launcher:	C:\WINDOWS\System32\OpenSSH\bin\javaw.exe (not found)
Check launcher:	C:\Program Files\nodejs\bin\javaw.exe (not found)
Check launcher:	C:\Program Files\Java\jdk-17.0.1\bin\javaw.exe (OK)
Version string: 1.017.000_001 / 64-Bit (OK)
Launcher:	C:\Program Files\Java\jdk-17.0.1\bin\javaw.exe
Launcher args:	-jar "D:\Media\Documents\Library Manegment System Server-client\out\artifacts\book_manegment_system_jar\LS.exe"
Args length:	111/32768 chars
Exit code:	0
